#
# There is insufficient memory for the Java Runtime Environment to continue.
# Native memory allocation (malloc) failed to allocate 271504 bytes for Chunk::new
# Possible reasons:
#   The system is out of physical RAM or swap space
#   In 32 bit mode, the process size limit was hit
# Possible solutions:
#   Reduce memory load on the system
#   Increase physical memory or swap space
#   Check if swap backing store is full
#   Use 64 bit Java on a 64 bit OS
#   Decrease Java heap size (-Xmx/-Xms)
#   Decrease number of Java threads
#   Decrease Java thread stack sizes (-Xss)
#   Set larger code cache with -XX:ReservedCodeCacheSize=
# This output file may be truncated or incomplete.
#
#  Out of Memory Error (allocation.cpp:390), pid=4448, tid=2480
#
# JRE version: Java(TM) SE Runtime Environment (8.0_20-b26) (build 1.8.0_20-b26)
# Java VM: Java HotSpot(TM) 64-Bit Server VM (25.20-b23 mixed mode windows-amd64 compressed oops)
# Failed to write core dump. Minidumps are not enabled by default on client versions of Windows
#

---------------  T H R E A D  ---------------

Current thread (0x00000000145b5000):  JavaThread "C2 CompilerThread0" daemon [_thread_in_native, id=2480, stack(0x00000000154f0000,0x00000000155f0000)]

Stack: [0x00000000154f0000,0x00000000155f0000]
Native frames: (J=compiled Java code, j=interpreted, Vv=VM code, C=native code)
V  [jvm.dll+0x3152fa]
V  [jvm.dll+0x265d03]
V  [jvm.dll+0x266943]
V  [jvm.dll+0x25e265]
V  [jvm.dll+0xbe255]
V  [jvm.dll+0xbe6fc]
V  [jvm.dll+0x477e87]
V  [jvm.dll+0x444e64]
V  [jvm.dll+0x4500de]
V  [jvm.dll+0x4526c8]
V  [jvm.dll+0x435fc2]
V  [jvm.dll+0x97b62]
V  [jvm.dll+0x98353]
V  [jvm.dll+0x22aac4]
V  [jvm.dll+0x283f5a]
C  [msvcr100.dll+0x21d9f]
C  [msvcr100.dll+0x21e3b]
C  [KERNEL32.DLL+0x13d2]
C  [ntdll.dll+0x15444]


Current CompileTask:
C2:   6040  995       4       java.math.BigInteger::pow (398 bytes)


---------------  P R O C E S S  ---------------

Java Threads: ( => current thread )
  0x00000000189ca000 JavaThread "TimerQueue" daemon [_thread_blocked, id=4148, stack(0x00000000198a0000,0x00000000199a0000)]
  0x00000000189d8000 JavaThread "D3D Screen Updater" daemon [_thread_blocked, id=5144, stack(0x0000000019290000,0x0000000019390000)]
  0x0000000002130800 JavaThread "DestroyJavaVM" [_thread_blocked, id=5492, stack(0x0000000001f50000,0x0000000002050000)]
  0x0000000015c8b800 JavaThread "AWT-EventQueue-0" [_thread_blocked, id=4212, stack(0x0000000017db0000,0x0000000017eb0000)]
  0x0000000015c11800 JavaThread "AWT-Windows" daemon [_thread_in_native, id=6232, stack(0x0000000016400000,0x0000000016500000)]
  0x0000000015c0f800 JavaThread "AWT-Shutdown" [_thread_blocked, id=2448, stack(0x0000000016300000,0x0000000016400000)]
  0x0000000015c0c000 JavaThread "Java2D Disposer" daemon [_thread_blocked, id=1840, stack(0x0000000016200000,0x0000000016300000)]
  0x0000000014635000 JavaThread "Service Thread" daemon [_thread_blocked, id=7868, stack(0x00000000156f0000,0x00000000157f0000)]
  0x00000000145ba800 JavaThread "C1 CompilerThread1" daemon [_thread_blocked, id=2168, stack(0x00000000155f0000,0x00000000156f0000)]
=>0x00000000145b5000 JavaThread "C2 CompilerThread0" daemon [_thread_in_native, id=2480, stack(0x00000000154f0000,0x00000000155f0000)]
  0x00000000145c4000 JavaThread "Attach Listener" daemon [_thread_blocked, id=7176, stack(0x00000000153f0000,0x00000000154f0000)]
  0x00000000145c1000 JavaThread "Signal Dispatcher" daemon [_thread_blocked, id=6948, stack(0x00000000152f0000,0x00000000153f0000)]
  0x0000000014579800 JavaThread "Finalizer" daemon [_thread_blocked, id=5844, stack(0x00000000151f0000,0x00000000152f0000)]
  0x0000000014571800 JavaThread "Reference Handler" daemon [_thread_blocked, id=2260, stack(0x00000000150f0000,0x00000000151f0000)]

Other Threads:
  0x000000001456a800 VMThread [stack: 0x0000000014ff0000,0x00000000150f0000] [id=6536]
  0x0000000014636800 WatcherThread [stack: 0x00000000157f0000,0x00000000158f0000] [id=2584]

VM state:not at safepoint (normal execution)

VM Mutex/Monitor currently owned by a thread: None

Heap:
 PSYoungGen      total 108032K, used 62872K [0x00000000eb400000, 0x00000000f2080000, 0x0000000100000000)
  eden space 104960K, 59% used [0x00000000eb400000,0x00000000ef15e3b8,0x00000000f1a80000)
  from space 3072K, 1% used [0x00000000f1d80000,0x00000000f1d88000,0x00000000f2080000)
  to   space 3072K, 0% used [0x00000000f1a80000,0x00000000f1a80000,0x00000000f1d80000)
 ParOldGen       total 44032K, used 4778K [0x00000000c1c00000, 0x00000000c4700000, 0x00000000eb400000)
  object space 44032K, 10% used [0x00000000c1c00000,0x00000000c20aa940,0x00000000c4700000)
 Metaspace       used 11979K, capacity 12162K, committed 12416K, reserved 1060864K
  class space    used 1526K, capacity 1573K, committed 1664K, reserved 1048576K

Card table byte_map: [0x00000000115f0000,0x00000000117f0000] byte_map_base: 0x0000000010fe2000

Marking Bits: (ParMarkBitMap*) 0x0000000062b2b460
 Begin Bits: [0x0000000011b40000, 0x0000000012ad0000)
 End Bits:   [0x0000000012ad0000, 0x0000000013a60000)

Polling page: 0x00000000005b0000

CodeCache: size=245760Kb used=3853Kb max_used=3856Kb free=241906Kb
 bounds [0x0000000002230000, 0x0000000002600000, 0x0000000011230000]
 total_blobs=1521 nmethods=1011 adapters=425
 compilation: enabled

Compilation events (10 events):
Event: 5.730 Thread 0x00000000145ba800 1028       2       java.awt.geom.AffineTransform::translate (547 bytes)
Event: 5.732 Thread 0x00000000145ba800 nmethod 1028 0x00000000025b5bd0 code [0x00000000025b5d40, 0x00000000025b6308]
Event: 5.791 Thread 0x00000000145b5000 nmethod 1020 0x00000000025f6810 code [0x00000000025f6a40, 0x00000000025f8ad0]
Event: 5.792 Thread 0x00000000145b5000  995       4       java.math.BigInteger::pow (398 bytes)
Event: 5.795 Thread 0x00000000145ba800 1032   !   2       sun.java2d.SunGraphics2D::validateCompClip (224 bytes)
Event: 5.797 Thread 0x00000000145ba800 nmethod 1032 0x00000000025e5cd0 code [0x00000000025e5f20, 0x00000000025e68c8]
Event: 5.798 Thread 0x00000000145ba800 1033       2       sun.java2d.SurfaceData::getNativeOps (5 bytes)
Event: 5.798 Thread 0x00000000145ba800 nmethod 1033 0x00000000025b58d0 code [0x00000000025b5a20, 0x00000000025b5b70]
Event: 5.803 Thread 0x00000000145ba800 1034       2       java.awt.EventQueue::coalesceEvent (86 bytes)
Event: 5.804 Thread 0x00000000145ba800 nmethod 1034 0x00000000025e5510 code [0x00000000025e56c0, 0x00000000025e5af8]

GC Heap History (10 events):
Event: 4.644 GC heap before
{Heap before GC invocations=6 (full 0):
 PSYoungGen      total 35328K, used 34560K [0x00000000eb400000, 0x00000000ef900000, 0x0000000100000000)
  eden space 32768K, 100% used [0x00000000eb400000,0x00000000ed400000,0x00000000ed400000)
  from space 2560K, 70% used [0x00000000ed400000,0x00000000ed5c0020,0x00000000ed680000)
  to   space 2560K, 0% used [0x00000000ef680000,0x00000000ef680000,0x00000000ef900000)
 ParOldGen       total 44032K, used 3023K [0x00000000c1c00000, 0x00000000c4700000, 0x00000000eb400000)
  object space 44032K, 6% used [0x00000000c1c00000,0x00000000c1ef3f40,0x00000000c4700000)
 Metaspace       used 11914K, capacity 12098K, committed 12416K, reserved 1060864K
  class space    used 1525K, capacity 1573K, committed 1664K, reserved 1048576K
Event: 4.649 GC heap after
Heap after GC invocations=6 (full 0):
 PSYoungGen      total 68096K, used 1728K [0x00000000eb400000, 0x00000000ef900000, 0x0000000100000000)
  eden space 65536K, 0% used [0x00000000eb400000,0x00000000eb400000,0x00000000ef400000)
  from space 2560K, 67% used [0x00000000ef680000,0x00000000ef830020,0x00000000ef900000)
  to   space 2560K, 0% used [0x00000000ef400000,0x00000000ef400000,0x00000000ef680000)
 ParOldGen       total 44032K, used 3031K [0x00000000c1c00000, 0x00000000c4700000, 0x00000000eb400000)
  object space 44032K, 6% used [0x00000000c1c00000,0x00000000c1ef5f40,0x00000000c4700000)
 Metaspace       used 11914K, capacity 12098K, committed 12416K, reserved 1060864K
  class space    used 1525K, capacity 1573K, committed 1664K, reserved 1048576K
}
Event: 4.894 GC heap before
{Heap before GC invocations=7 (full 0):
 PSYoungGen      total 68096K, used 67264K [0x00000000eb400000, 0x00000000ef900000, 0x0000000100000000)
  eden space 65536K, 100% used [0x00000000eb400000,0x00000000ef400000,0x00000000ef400000)
  from space 2560K, 67% used [0x00000000ef680000,0x00000000ef830020,0x00000000ef900000)
  to   space 2560K, 0% used [0x00000000ef400000,0x00000000ef400000,0x00000000ef680000)
 ParOldGen       total 44032K, used 3031K [0x00000000c1c00000, 0x00000000c4700000, 0x00000000eb400000)
  object space 44032K, 6% used [0x00000000c1c00000,0x00000000c1ef5f40,0x00000000c4700000)
 Metaspace       used 11941K, capacity 12098K, committed 12416K, reserved 1060864K
  class space    used 1526K, capacity 1573K, committed 1664K, reserved 1048576K
Event: 4.902 GC heap after
Heap after GC invocations=7 (full 0):
 PSYoungGen      total 68096K, used 32K [0x00000000eb400000, 0x00000000ef900000, 0x0000000100000000)
  eden space 65536K, 0% used [0x00000000eb400000,0x00000000eb400000,0x00000000ef400000)
  from space 2560K, 1% used [0x00000000ef400000,0x00000000ef408000,0x00000000ef680000)
  to   space 2560K, 0% used [0x00000000ef680000,0x00000000ef680000,0x00000000ef900000)
 ParOldGen       total 44032K, used 4746K [0x00000000c1c00000, 0x00000000c4700000, 0x00000000eb400000)
  object space 44032K, 10% used [0x00000000c1c00000,0x00000000c20a2940,0x00000000c4700000)
 Metaspace       used 11941K, capacity 12098K, committed 12416K, reserved 1060864K
  class space    used 1526K, capacity 1573K, committed 1664K, reserved 1048576K
}
Event: 5.118 GC heap before
{Heap before GC invocations=8 (full 0):
 PSYoungGen      total 68096K, used 65568K [0x00000000eb400000, 0x00000000ef900000, 0x0000000100000000)
  eden space 65536K, 100% used [0x00000000eb400000,0x00000000ef400000,0x00000000ef400000)
  from space 2560K, 1% used [0x00000000ef400000,0x00000000ef408000,0x00000000ef680000)
  to   space 2560K, 0% used [0x00000000ef680000,0x00000000ef680000,0x00000000ef900000)
 ParOldGen       total 44032K, used 4746K [0x00000000c1c00000, 0x00000000c4700000, 0x00000000eb400000)
  object space 44032K, 10% used [0x00000000c1c00000,0x00000000c20a2940,0x00000000c4700000)
 Metaspace       used 11956K, capacity 12162K, committed 12416K, reserved 1060864K
  class space    used 1526K, capacity 1573K, committed 1664K, reserved 1048576K
Event: 5.120 GC heap after
Heap after GC invocations=8 (full 0):
 PSYoungGen      total 68096K, used 64K [0x00000000eb400000, 0x00000000ef900000, 0x0000000100000000)
  eden space 65536K, 0% used [0x00000000eb400000,0x00000000eb400000,0x00000000ef400000)
  from space 2560K, 2% used [0x00000000ef680000,0x00000000ef690000,0x00000000ef900000)
  to   space 2560K, 0% used [0x00000000ef400000,0x00000000ef400000,0x00000000ef680000)
 ParOldGen       total 44032K, used 4754K [0x00000000c1c00000, 0x00000000c4700000, 0x00000000eb400000)
  object space 44032K, 10% used [0x00000000c1c00000,0x00000000c20a4940,0x00000000c4700000)
 Metaspace       used 11956K, capacity 12162K, committed 12416K, reserved 1060864K
  class space    used 1526K, capacity 1573K, committed 1664K, reserved 1048576K
}
Event: 5.459 GC heap before
{Heap before GC invocations=9 (full 0):
 PSYoungGen      total 68096K, used 65600K [0x00000000eb400000, 0x00000000ef900000, 0x0000000100000000)
  eden space 65536K, 100% used [0x00000000eb400000,0x00000000ef400000,0x00000000ef400000)
  from space 2560K, 2% used [0x00000000ef680000,0x00000000ef690000,0x00000000ef900000)
  to   space 2560K, 0% used [0x00000000ef400000,0x00000000ef400000,0x00000000ef680000)
 ParOldGen       total 44032K, used 4754K [0x00000000c1c00000, 0x00000000c4700000, 0x00000000eb400000)
  object space 44032K, 10% used [0x00000000c1c00000,0x00000000c20a4940,0x00000000c4700000)
 Metaspace       used 11958K, capacity 12162K, committed 12416K, reserved 1060864K
  class space    used 1526K, capacity 1573K, committed 1664K, reserved 1048576K
Event: 5.460 GC heap after
Heap after GC invocations=9 (full 0):
 PSYoungGen      total 68096K, used 64K [0x00000000eb400000, 0x00000000f2080000, 0x0000000100000000)
  eden space 65536K, 0% used [0x00000000eb400000,0x00000000eb400000,0x00000000ef400000)
  from space 2560K, 2% used [0x00000000ef400000,0x00000000ef410000,0x00000000ef680000)
  to   space 3072K, 0% used [0x00000000f1d80000,0x00000000f1d80000,0x00000000f2080000)
 ParOldGen       total 44032K, used 4770K [0x00000000c1c00000, 0x00000000c4700000, 0x00000000eb400000)
  object space 44032K, 10% used [0x00000000c1c00000,0x00000000c20a8940,0x00000000c4700000)
 Metaspace       used 11958K, capacity 12162K, committed 12416K, reserved 1060864K
  class space    used 1526K, capacity 1573K, committed 1664K, reserved 1048576K
}
Event: 5.761 GC heap before
{Heap before GC invocations=10 (full 0):
 PSYoungGen      total 68096K, used 65600K [0x00000000eb400000, 0x00000000f2080000, 0x0000000100000000)
  eden space 65536K, 100% used [0x00000000eb400000,0x00000000ef400000,0x00000000ef400000)
  from space 2560K, 2% used [0x00000000ef400000,0x00000000ef410000,0x00000000ef680000)
  to   space 3072K, 0% used [0x00000000f1d80000,0x00000000f1d80000,0x00000000f2080000)
 ParOldGen       total 44032K, used 4770K [0x00000000c1c00000, 0x00000000c4700000, 0x00000000eb400000)
  object space 44032K, 10% used [0x00000000c1c00000,0x00000000c20a8940,0x00000000c4700000)
 Metaspace       used 11966K, capacity 12162K, committed 12416K, reserved 1060864K
  class space    used 1526K, capacity 1573K, committed 1664K, reserved 1048576K
Event: 5.762 GC heap after
Heap after GC invocations=10 (full 0):
 PSYoungGen      total 108032K, used 32K [0x00000000eb400000, 0x00000000f2080000, 0x0000000100000000)
  eden space 104960K, 0% used [0x00000000eb400000,0x00000000eb400000,0x00000000f1a80000)
  from space 3072K, 1% used [0x00000000f1d80000,0x00000000f1d88000,0x00000000f2080000)
  to   space 3072K, 0% used [0x00000000f1a80000,0x00000000f1a80000,0x00000000f1d80000)
 ParOldGen       total 44032K, used 4778K [0x00000000c1c00000, 0x00000000c4700000, 0x00000000eb400000)
  object space 44032K, 10% used [0x00000000c1c00000,0x00000000c20aa940,0x00000000c4700000)
 Metaspace       used 11966K, capacity 12162K, committed 12416K, reserved 1060864K
  class space    used 1526K, capacity 1573K, committed 1664K, reserved 1048576K
}

Deoptimization events (2 events):
Event: 2.429 Thread 0x0000000015c8b800 Uncommon trap: reason=class_check action=maybe_recompile pc=0x00000000023d1b5c method=java.lang.String.equals(Ljava/lang/Object;)Z @ 8
Event: 2.429 Thread 0x0000000015c8b800 Uncommon trap: reason=class_check action=maybe_recompile pc=0x00000000023d1b5c method=java.lang.String.equals(Ljava/lang/Object;)Z @ 8

Internal exceptions (10 events):
Event: 0.751 Thread 0x0000000002130800 Exception <a 'java/security/PrivilegedActionException'> (0x00000000eb7fd670) thrown at [D:\re\workspace\8-2-build-windows-amd64-cygwin\jdk8u20\1074\hotspot\src\share\vm\prims\jvm.cpp, line 1275]
Event: 0.753 Thread 0x0000000002130800 Exception <a 'java/security/PrivilegedActionException'> (0x00000000eb8003f8) thrown at [D:\re\workspace\8-2-build-windows-amd64-cygwin\jdk8u20\1074\hotspot\src\share\vm\prims\jvm.cpp, line 1275]
Event: 0.754 Thread 0x0000000002130800 Exception <a 'java/security/PrivilegedActionException'> (0x00000000eb801d10) thrown at [D:\re\workspace\8-2-build-windows-amd64-cygwin\jdk8u20\1074\hotspot\src\share\vm\prims\jvm.cpp, line 1275]
Event: 0.755 Thread 0x0000000002130800 Exception <a 'java/security/PrivilegedActionException'> (0x00000000eb803570) thrown at [D:\re\workspace\8-2-build-windows-amd64-cygwin\jdk8u20\1074\hotspot\src\share\vm\prims\jvm.cpp, line 1275]
Event: 0.757 Thread 0x0000000002130800 Exception <a 'java/lang/NullPointerException'> (0x00000000eb8071c0) thrown at [D:\re\workspace\8-2-build-windows-amd64-cygwin\jdk8u20\1074\hotspot\src\share\vm\interpreter\linkResolver.cpp, line 1166]
Event: 0.758 Thread 0x0000000002130800 Exception <a 'java/security/PrivilegedActionException'> (0x00000000eb807bf8) thrown at [D:\re\workspace\8-2-build-windows-amd64-cygwin\jdk8u20\1074\hotspot\src\share\vm\prims\jvm.cpp, line 1275]
Event: 0.759 Thread 0x0000000002130800 Exception <a 'java/security/PrivilegedActionException'> (0x00000000eb8093c0) thrown at [D:\re\workspace\8-2-build-windows-amd64-cygwin\jdk8u20\1074\hotspot\src\share\vm\prims\jvm.cpp, line 1275]
Event: 0.762 Thread 0x0000000002130800 Exception <a 'java/security/PrivilegedActionException'> (0x00000000eb80ab00) thrown at [D:\re\workspace\8-2-build-windows-amd64-cygwin\jdk8u20\1074\hotspot\src\share\vm\prims\jvm.cpp, line 1275]
Event: 1.011 Thread 0x0000000015c8b800 Exception <a 'java/lang/NullPointerException'> (0x00000000eb791280) thrown at [D:\re\workspace\8-2-build-windows-amd64-cygwin\jdk8u20\1074\hotspot\src\share\vm\interpreter\linkResolver.cpp, line 1166]
Event: 1.105 Thread 0x0000000015c8b800 Exception <a 'java/lang/NullPointerException'> (0x00000000eb791710) thrown at [D:\re\workspace\8-2-build-windows-amd64-cygwin\jdk8u20\1074\hotspot\src\share\vm\interpreter\linkResolver.cpp, line 1166]

Events (10 events):
Event: 5.059 Thread 0x0000000015c8b800 DEOPT PACKING pc=0x00000000025afa03 sp=0x0000000017eacb80
Event: 5.059 Thread 0x0000000015c8b800 DEOPT UNPACKING pc=0x00000000022771bf sp=0x0000000017eac8a8 mode 0
Event: 5.060 Thread 0x0000000015c8b800 DEOPT PACKING pc=0x00000000024f36e3 sp=0x0000000017eacb90
Event: 5.060 Thread 0x0000000015c8b800 DEOPT UNPACKING pc=0x00000000022771bf sp=0x0000000017eaca80 mode 0
Event: 5.118 Executing VM operation: ParallelGCFailedAllocation
Event: 5.120 Executing VM operation: ParallelGCFailedAllocation done
Event: 5.459 Executing VM operation: ParallelGCFailedAllocation
Event: 5.460 Executing VM operation: ParallelGCFailedAllocation done
Event: 5.761 Executing VM operation: ParallelGCFailedAllocation
Event: 5.762 Executing VM operation: ParallelGCFailedAllocation done


Dynamic libraries:
0x00007ff72adb0000 - 0x00007ff72ade4000 	C:\Program Files\Java\jdk1.8.0_20\bin\java.exe
0x00007ffd3b6f0000 - 0x00007ffd3b89c000 	C:\WINDOWS\SYSTEM32\ntdll.dll
0x00007ffd3afa0000 - 0x00007ffd3b0de000 	C:\WINDOWS\system32\KERNEL32.DLL
0x00007ffd38920000 - 0x00007ffd38a35000 	C:\WINDOWS\system32\KERNELBASE.dll
0x00007ffd373f0000 - 0x00007ffd3747e000 	C:\WINDOWS\system32\apphelp.dll
0x00007ffd2a5f0000 - 0x00007ffd2a643000 	C:\WINDOWS\AppPatch\AppPatch64\AcGenral.DLL
0x00007ffd39070000 - 0x00007ffd3911a000 	C:\WINDOWS\system32\msvcrt.dll
0x00007ffd38680000 - 0x00007ffd386ae000 	C:\WINDOWS\SYSTEM32\SspiCli.dll
0x00007ffd3b0e0000 - 0x00007ffd3b134000 	C:\WINDOWS\system32\SHLWAPI.dll
0x00007ffd3b4b0000 - 0x00007ffd3b627000 	C:\WINDOWS\system32\USER32.dll
0x00007ffd3b1c0000 - 0x00007ffd3b354000 	C:\WINDOWS\system32\ole32.dll
0x00007ffd39820000 - 0x00007ffd3ad39000 	C:\WINDOWS\system32\SHELL32.dll
0x00007ffd37e50000 - 0x00007ffd37e71000 	C:\WINDOWS\SYSTEM32\USERENV.dll
0x00007ffd38fc0000 - 0x00007ffd3906a000 	C:\WINDOWS\system32\ADVAPI32.dll
0x00007ffd314a0000 - 0x00007ffd314be000 	C:\WINDOWS\SYSTEM32\MPR.dll
0x00007ffd396c0000 - 0x00007ffd39801000 	C:\WINDOWS\system32\RPCRT4.dll
0x00007ffd39370000 - 0x00007ffd393c9000 	C:\WINDOWS\SYSTEM32\sechost.dll
0x00007ffd393e0000 - 0x00007ffd395f1000 	C:\WINDOWS\SYSTEM32\combase.dll
0x00007ffd3b360000 - 0x00007ffd3b4b0000 	C:\WINDOWS\system32\GDI32.dll
0x00007ffd38850000 - 0x00007ffd38865000 	C:\WINDOWS\SYSTEM32\profapi.dll
0x00007ffd36dc0000 - 0x00007ffd36e72000 	C:\WINDOWS\SYSTEM32\SHCORE.dll
0x00007ffd39330000 - 0x00007ffd39366000 	C:\WINDOWS\system32\IMM32.DLL
0x00007ffd38e60000 - 0x00007ffd38fb2000 	C:\WINDOWS\system32\MSCTF.dll
0x00007ffd36940000 - 0x00007ffd36bba000 	C:\WINDOWS\WinSxS\amd64_microsoft.windows.common-controls_6595b64144ccf1df_6.0.9600.17810_none_6240b9c7ecbd0bda\COMCTL32.dll
0x0000000062270000 - 0x0000000062342000 	C:\Program Files\Java\jdk1.8.0_20\jre\bin\msvcr100.dll
0x0000000062350000 - 0x0000000062ba8000 	C:\Program Files\Java\jdk1.8.0_20\jre\bin\server\jvm.dll
0x00007ffd305f0000 - 0x00007ffd305f9000 	C:\WINDOWS\SYSTEM32\WSOCK32.dll
0x00007ffd306d0000 - 0x00007ffd306f2000 	C:\WINDOWS\SYSTEM32\WINMM.dll
0x00007ffd38e50000 - 0x00007ffd38e57000 	C:\WINDOWS\system32\PSAPI.DLL
0x00007ffd392d0000 - 0x00007ffd3932a000 	C:\WINDOWS\system32\WS2_32.dll
0x00007ffd306a0000 - 0x00007ffd306ca000 	C:\WINDOWS\SYSTEM32\WINMMBASE.dll
0x00007ffd393d0000 - 0x00007ffd393d9000 	C:\WINDOWS\system32\NSI.dll
0x00007ffd38aa0000 - 0x00007ffd38aef000 	C:\WINDOWS\SYSTEM32\cfgmgr32.dll
0x00007ffd37640000 - 0x00007ffd37668000 	C:\WINDOWS\SYSTEM32\DEVOBJ.dll
0x0000000062220000 - 0x000000006222f000 	C:\Program Files\Java\jdk1.8.0_20\jre\bin\verify.dll
0x00000000621f0000 - 0x0000000062218000 	C:\Program Files\Java\jdk1.8.0_20\jre\bin\java.dll
0x00000000621d0000 - 0x00000000621e6000 	C:\Program Files\Java\jdk1.8.0_20\jre\bin\zip.dll
0x0000000061ff0000 - 0x0000000062188000 	C:\Program Files\Java\jdk1.8.0_20\jre\bin\awt.dll
0x00007ffd38d80000 - 0x00007ffd38e41000 	C:\WINDOWS\system32\OLEAUT32.dll
0x00007ffd36bc0000 - 0x00007ffd36be1000 	C:\WINDOWS\system32\DWMAPI.DLL
0x00007ffd37510000 - 0x00007ffd37639000 	C:\WINDOWS\system32\uxtheme.dll
0x00007ffd26e00000 - 0x00007ffd26eab000 	C:\Program Files\Common Files\microsoft shared\ink\tiptsf.dll
0x00007ffd37780000 - 0x00007ffd3778b000 	C:\WINDOWS\SYSTEM32\kernel.appcore.dll
0x00007ffd38720000 - 0x00007ffd3872b000 	C:\WINDOWS\SYSTEM32\CRYPTBASE.dll
0x00007ffd386b0000 - 0x00007ffd38713000 	C:\WINDOWS\SYSTEM32\bcryptPrimitives.dll
0x00007ffd28850000 - 0x00007ffd28a71000 	C:\WINDOWS\system32\d3d9.dll
0x00007ffd32490000 - 0x00007ffd3249a000 	C:\WINDOWS\SYSTEM32\VERSION.dll
0x00007ffd08d80000 - 0x00007ffd09918000 	C:\WINDOWS\SYSTEM32\igdumdim64.dll
0x00007ffd35020000 - 0x00007ffd35460000 	C:\WINDOWS\SYSTEM32\igdusc64.dll
0x0000000061fa0000 - 0x0000000061fe7000 	C:\Program Files\Java\jdk1.8.0_20\jre\bin\fontmanager.dll
0x00007ffd39600000 - 0x00007ffd396b6000 	C:\WINDOWS\SYSTEM32\clbcatq.dll
0x00007ffd36780000 - 0x00007ffd3692e000 	C:\WINDOWS\SYSTEM32\WindowsCodecs.dll
0x00007ffd38120000 - 0x00007ffd38140000 	C:\WINDOWS\SYSTEM32\CRYPTSP.dll
0x00007ffd37d40000 - 0x00007ffd37d76000 	C:\WINDOWS\system32\rsaenh.dll
0x00007ffd38370000 - 0x00007ffd38396000 	C:\WINDOWS\SYSTEM32\bcrypt.dll
0x00000000621b0000 - 0x00000000621ca000 	C:\Program Files\Java\jdk1.8.0_20\jre\bin\net.dll
0x00007ffd380c0000 - 0x00007ffd38119000 	C:\WINDOWS\system32\mswsock.dll
0x0000000062190000 - 0x00000000621a1000 	C:\Program Files\Java\jdk1.8.0_20\jre\bin\nio.dll
0x0000000061f50000 - 0x0000000061f91000 	C:\Program Files\Java\jdk1.8.0_20\jre\bin\t2k.dll
0x00007ffd34870000 - 0x00007ffd348da000 	C:\WINDOWS\SYSTEM32\oleacc.dll
0x00007ffd33600000 - 0x00007ffd33789000 	C:\WINDOWS\SYSTEM32\dbghelp.dll

VM Arguments:
jvm_args: -Dfile.encoding=UTF-8 
java_command: mega.math.machine.MegaMathMachine
java_class_path (initial): C:\Beans - Jack\Mega Math Machine\build\classes
Launcher Type: SUN_STANDARD

Environment Variables:
PATH=C:\ProgramData\Oracle\Java\javapath;C:\Program Files (x86)\Intel\iCLS Client\;C:\Program Files\Intel\iCLS Client\;C:\WINDOWS\system32;C:\WINDOWS;C:\WINDOWS\System32\Wbem;C:\WINDOWS\System32\WindowsPowerShell\v1.0\;C:\Program Files (x86)\Windows Live\Shared;C:\Program Files\Intel\Intel(R) Management Engine Components\DAL;C:\Program Files\Intel\Intel(R) Management Engine Components\IPT;C:\Program Files (x86)\Intel\Intel(R) Management Engine Components\DAL;C:\Program Files (x86)\Intel\Intel(R) Management Engine Components\IPT;C:\Program Files (x86)\Intel\OpenCL SDK\2.0\bin\x86;C:\Program Files (x86)\Intel\OpenCL SDK\2.0\bin\x64;C:\Program Files\Microsoft\Web Platform Installer\;C:\Program Files (x86)\Microsoft ASP.NET\ASP.NET Web Pages\v1.0\;C:\Program Files (x86)\Windows Kits\8.0\Windows Performance Toolkit\;C:\Program Files\Microsoft SQL Server\110\Tools\Binn\;C:\Program Files (x86)\QuickTime\QTSystem\
USERNAME=Jack
OS=Windows_NT
PROCESSOR_IDENTIFIER=Intel64 Family 6 Model 58 Stepping 9, GenuineIntel



---------------  S Y S T E M  ---------------

OS: Windows 8.1 , 64 bit Build 9600 

CPU:total 2 (2 cores per cpu, 1 threads per core) family 6 model 58 stepping 9, cmov, cx8, fxsr, mmx, sse, sse2, sse3, ssse3, sse4.1, sse4.2, popcnt, clmul, erms, tsc, tscinvbit, tscinv

Memory: 4k page, physical 4077300k(1259896k free), swap 4077300k(4936k free)

vm_info: Java HotSpot(TM) 64-Bit Server VM (25.20-b23) for windows-amd64 JRE (1.8.0_20-b26), built on Jul 30 2014 13:51:23 by "java_re" with MS VC++ 10.0 (VS2010)

time: Sun Jul 26 21:52:38 2015
elapsed time: 6 seconds (0d 0h 0m 6s)

