#
# There is insufficient memory for the Java Runtime Environment to continue.
# Native memory allocation (malloc) failed to allocate 1683776 bytes for Chunk::new
# Possible reasons:
#   The system is out of physical RAM or swap space
#   In 32 bit mode, the process size limit was hit
# Possible solutions:
#   Reduce memory load on the system
#   Increase physical memory or swap space
#   Check if swap backing store is full
#   Use 64 bit Java on a 64 bit OS
#   Decrease Java heap size (-Xmx/-Xms)
#   Decrease number of Java threads
#   Decrease Java thread stack sizes (-Xss)
#   Set larger code cache with -XX:ReservedCodeCacheSize=
# This output file may be truncated or incomplete.
#
#  Out of Memory Error (allocation.cpp:390), pid=5924, tid=1472
#
# JRE version: Java(TM) SE Runtime Environment (8.0_20-b26) (build 1.8.0_20-b26)
# Java VM: Java HotSpot(TM) 64-Bit Server VM (25.20-b23 mixed mode windows-amd64 compressed oops)
# Failed to write core dump. Minidumps are not enabled by default on client versions of Windows
#

---------------  T H R E A D  ---------------

Current thread (0x0000000014564800):  JavaThread "C2 CompilerThread0" daemon [_thread_in_native, id=1472, stack(0x00000000154c0000,0x00000000155c0000)]

Stack: [0x00000000154c0000,0x00000000155c0000]
Native frames: (J=compiled Java code, j=interpreted, Vv=VM code, C=native code)
V  [jvm.dll+0x3152fa]
V  [jvm.dll+0x265d03]
V  [jvm.dll+0x266943]
V  [jvm.dll+0x25e265]
V  [jvm.dll+0xbe255]
V  [jvm.dll+0xbe6fc]
V  [jvm.dll+0x45c472]
V  [jvm.dll+0x49d76f]
V  [jvm.dll+0x451911]
V  [jvm.dll+0x452634]
V  [jvm.dll+0x435fc2]
V  [jvm.dll+0x97b62]
V  [jvm.dll+0x98353]
V  [jvm.dll+0x22aac4]
V  [jvm.dll+0x283f5a]
C  [msvcr100.dll+0x21d9f]
C  [msvcr100.dll+0x21e3b]
C  [KERNEL32.DLL+0x13d2]
C  [ntdll.dll+0x15444]


Current CompileTask:
C2:  37140 1614 % !   4       mega.math.machine.MMM::graphTheGraphyGraph @ 62 (710 bytes)


---------------  P R O C E S S  ---------------

Java Threads: ( => current thread )
  0x0000000018a44800 JavaThread "TimerQueue" daemon [_thread_blocked, id=3220, stack(0x0000000019910000,0x0000000019a10000)]
  0x0000000018a2f800 JavaThread "D3D Screen Updater" daemon [_thread_blocked, id=7660, stack(0x0000000019300000,0x0000000019400000)]
  0x00000000020e0800 JavaThread "DestroyJavaVM" [_thread_blocked, id=7896, stack(0x0000000001fe0000,0x00000000020e0000)]
  0x0000000015c4e800 JavaThread "AWT-EventQueue-0" [_thread_blocked, id=7720, stack(0x0000000017d50000,0x0000000017e50000)]
  0x0000000015bd6000 JavaThread "AWT-Windows" daemon [_thread_in_native, id=1096, stack(0x00000000163b0000,0x00000000164b0000)]
  0x0000000015bd4000 JavaThread "AWT-Shutdown" [_thread_blocked, id=7852, stack(0x00000000162b0000,0x00000000163b0000)]
  0x0000000015bd0800 JavaThread "Java2D Disposer" daemon [_thread_blocked, id=6220, stack(0x00000000161b0000,0x00000000162b0000)]
  0x00000000145bd800 JavaThread "Service Thread" daemon [_thread_blocked, id=3724, stack(0x00000000156c0000,0x00000000157c0000)]
  0x000000001456b800 JavaThread "C1 CompilerThread1" daemon [_thread_blocked, id=1388, stack(0x00000000155c0000,0x00000000156c0000)]
=>0x0000000014564800 JavaThread "C2 CompilerThread0" daemon [_thread_in_native, id=1472, stack(0x00000000154c0000,0x00000000155c0000)]
  0x0000000014563800 JavaThread "Attach Listener" daemon [_thread_blocked, id=7004, stack(0x00000000153c0000,0x00000000154c0000)]
  0x0000000014572000 JavaThread "Signal Dispatcher" daemon [_thread_blocked, id=1620, stack(0x00000000152c0000,0x00000000153c0000)]
  0x0000000014529800 JavaThread "Finalizer" daemon [_thread_blocked, id=7052, stack(0x00000000151c0000,0x00000000152c0000)]
  0x0000000014521800 JavaThread "Reference Handler" daemon [_thread_blocked, id=5972, stack(0x00000000150c0000,0x00000000151c0000)]

Other Threads:
  0x000000001451a800 VMThread [stack: 0x0000000014fc0000,0x00000000150c0000] [id=7764]
  0x00000000145be800 WatcherThread [stack: 0x00000000157c0000,0x00000000158c0000] [id=6368]

VM state:not at safepoint (normal execution)

VM Mutex/Monitor currently owned by a thread: None

Heap:
 PSYoungGen      total 146944K, used 60772K [0x00000000eb400000, 0x00000000f7a80000, 0x0000000100000000)
  eden space 144384K, 42% used [0x00000000eb400000,0x00000000eef49388,0x00000000f4100000)
  from space 2560K, 2% used [0x00000000f7580000,0x00000000f7590000,0x00000000f7800000)
  to   space 2560K, 0% used [0x00000000f7800000,0x00000000f7800000,0x00000000f7a80000)
 ParOldGen       total 44032K, used 4837K [0x00000000c1c00000, 0x00000000c4700000, 0x00000000eb400000)
  object space 44032K, 10% used [0x00000000c1c00000,0x00000000c20b9658,0x00000000c4700000)
 Metaspace       used 12344K, capacity 12494K, committed 12672K, reserved 1060864K
  class space    used 1535K, capacity 1573K, committed 1664K, reserved 1048576K

Card table byte_map: [0x00000000115a0000,0x00000000117a0000] byte_map_base: 0x0000000010f92000

Marking Bits: (ParMarkBitMap*) 0x0000000062b2b460
 Begin Bits: [0x0000000011af0000, 0x0000000012a80000)
 End Bits:   [0x0000000012a80000, 0x0000000013a10000)

Polling page: 0x0000000000690000

CodeCache: size=245760Kb used=5818Kb max_used=5832Kb free=239941Kb
 bounds [0x00000000021e0000, 0x00000000027a0000, 0x00000000111e0000]
 total_blobs=2072 nmethods=1561 adapters=425
 compilation: enabled

Compilation events (10 events):
Event: 36.008 Thread 0x000000001456b800 nmethod 1612 0x00000000022e9f10 code [0x00000000022ea0a0, 0x00000000022ea638]
Event: 36.809 Thread 0x000000001456b800 1613       3       sun.font.FontDesignMetrics::charWidth (30 bytes)
Event: 36.809 Thread 0x000000001456b800 nmethod 1613 0x0000000002300f90 code [0x0000000002301160, 0x00000000023016b8]
Event: 36.929 Thread 0x0000000014564800 1614 % !   4       mega.math.machine.MMM::graphTheGraphyGraph @ 62 (710 bytes)
Event: 36.951 Thread 0x000000001456b800 1615       3       java.math.BigDecimal::parseExp (201 bytes)
Event: 36.952 Thread 0x000000001456b800 nmethod 1615 0x000000000278ce10 code [0x000000000278d040, 0x000000000278dbe8]
Event: 36.952 Thread 0x000000001456b800 1616       3       java.math.BigDecimal::adjustScale (40 bytes)
Event: 36.952 Thread 0x000000001456b800 nmethod 1616 0x00000000022ecb10 code [0x00000000022ecc80, 0x00000000022ecf08]
Event: 36.956 Thread 0x000000001456b800 1617       3       java.math.MutableBigInteger::add (346 bytes)
Event: 36.957 Thread 0x000000001456b800 nmethod 1617 0x000000000278bc90 code [0x000000000278be60, 0x000000000278c808]

GC Heap History (10 events):
Event: 14.279 GC heap before
{Heap before GC invocations=15 (full 0):
 PSYoungGen      total 181248K, used 180768K [0x00000000eb400000, 0x00000000f7f80000, 0x0000000100000000)
  eden space 180736K, 100% used [0x00000000eb400000,0x00000000f6480000,0x00000000f6480000)
  from space 512K, 6% used [0x00000000f7f00000,0x00000000f7f08000,0x00000000f7f80000)
  to   space 3072K, 0% used [0x00000000f7980000,0x00000000f7980000,0x00000000f7c80000)
 ParOldGen       total 44032K, used 4813K [0x00000000c1c00000, 0x00000000c4700000, 0x00000000eb400000)
  object space 44032K, 10% used [0x00000000c1c00000,0x00000000c20b3658,0x00000000c4700000)
 Metaspace       used 12231K, capacity 12422K, committed 12672K, reserved 1060864K
  class space    used 1532K, capacity 1573K, committed 1664K, reserved 1048576K
Event: 14.279 GC heap after
Heap after GC invocations=15 (full 0):
 PSYoungGen      total 175616K, used 32K [0x00000000eb400000, 0x00000000f7f80000, 0x0000000100000000)
  eden space 172544K, 0% used [0x00000000eb400000,0x00000000eb400000,0x00000000f5c80000)
  from space 3072K, 1% used [0x00000000f7980000,0x00000000f7988000,0x00000000f7c80000)
  to   space 3072K, 0% used [0x00000000f7c80000,0x00000000f7c80000,0x00000000f7f80000)
 ParOldGen       total 44032K, used 4813K [0x00000000c1c00000, 0x00000000c4700000, 0x00000000eb400000)
  object space 44032K, 10% used [0x00000000c1c00000,0x00000000c20b3658,0x00000000c4700000)
 Metaspace       used 12231K, capacity 12422K, committed 12672K, reserved 1060864K
  class space    used 1532K, capacity 1573K, committed 1664K, reserved 1048576K
}
Event: 14.914 GC heap before
{Heap before GC invocations=16 (full 0):
 PSYoungGen      total 175616K, used 172576K [0x00000000eb400000, 0x00000000f7f80000, 0x0000000100000000)
  eden space 172544K, 100% used [0x00000000eb400000,0x00000000f5c80000,0x00000000f5c80000)
  from space 3072K, 1% used [0x00000000f7980000,0x00000000f7988000,0x00000000f7c80000)
  to   space 3072K, 0% used [0x00000000f7c80000,0x00000000f7c80000,0x00000000f7f80000)
 ParOldGen       total 44032K, used 4813K [0x00000000c1c00000, 0x00000000c4700000, 0x00000000eb400000)
  object space 44032K, 10% used [0x00000000c1c00000,0x00000000c20b3658,0x00000000c4700000)
 Metaspace       used 12231K, capacity 12422K, committed 12672K, reserved 1060864K
  class space    used 1532K, capacity 1573K, committed 1664K, reserved 1048576K
Event: 14.916 GC heap after
Heap after GC invocations=16 (full 0):
 PSYoungGen      total 165376K, used 32K [0x00000000eb400000, 0x00000000f7d00000, 0x0000000100000000)
  eden space 164864K, 0% used [0x00000000eb400000,0x00000000eb400000,0x00000000f5500000)
  from space 512K, 6% used [0x00000000f7c80000,0x00000000f7c88000,0x00000000f7d00000)
  to   space 3072K, 0% used [0x00000000f7700000,0x00000000f7700000,0x00000000f7a00000)
 ParOldGen       total 44032K, used 4813K [0x00000000c1c00000, 0x00000000c4700000, 0x00000000eb400000)
  object space 44032K, 10% used [0x00000000c1c00000,0x00000000c20b3658,0x00000000c4700000)
 Metaspace       used 12231K, capacity 12422K, committed 12672K, reserved 1060864K
  class space    used 1532K, capacity 1573K, committed 1664K, reserved 1048576K
}
Event: 15.228 GC heap before
{Heap before GC invocations=17 (full 0):
 PSYoungGen      total 165376K, used 164896K [0x00000000eb400000, 0x00000000f7d00000, 0x0000000100000000)
  eden space 164864K, 100% used [0x00000000eb400000,0x00000000f5500000,0x00000000f5500000)
  from space 512K, 6% used [0x00000000f7c80000,0x00000000f7c88000,0x00000000f7d00000)
  to   space 3072K, 0% used [0x00000000f7700000,0x00000000f7700000,0x00000000f7a00000)
 ParOldGen       total 44032K, used 4813K [0x00000000c1c00000, 0x00000000c4700000, 0x00000000eb400000)
  object space 44032K, 10% used [0x00000000c1c00000,0x00000000c20b3658,0x00000000c4700000)
 Metaspace       used 12231K, capacity 12422K, committed 12672K, reserved 1060864K
  class space    used 1532K, capacity 1573K, committed 1664K, reserved 1048576K
Event: 15.229 GC heap after
Heap after GC invocations=17 (full 0):
 PSYoungGen      total 160768K, used 32K [0x00000000eb400000, 0x00000000f7d00000, 0x0000000100000000)
  eden space 157696K, 0% used [0x00000000eb400000,0x00000000eb400000,0x00000000f4e00000)
  from space 3072K, 1% used [0x00000000f7700000,0x00000000f7708000,0x00000000f7a00000)
  to   space 3072K, 0% used [0x00000000f7a00000,0x00000000f7a00000,0x00000000f7d00000)
 ParOldGen       total 44032K, used 4813K [0x00000000c1c00000, 0x00000000c4700000, 0x00000000eb400000)
  object space 44032K, 10% used [0x00000000c1c00000,0x00000000c20b3658,0x00000000c4700000)
 Metaspace       used 12231K, capacity 12422K, committed 12672K, reserved 1060864K
  class space    used 1532K, capacity 1573K, committed 1664K, reserved 1048576K
}
Event: 23.553 GC heap before
{Heap before GC invocations=18 (full 0):
 PSYoungGen      total 160768K, used 157728K [0x00000000eb400000, 0x00000000f7d00000, 0x0000000100000000)
  eden space 157696K, 100% used [0x00000000eb400000,0x00000000f4e00000,0x00000000f4e00000)
  from space 3072K, 1% used [0x00000000f7700000,0x00000000f7708000,0x00000000f7a00000)
  to   space 3072K, 0% used [0x00000000f7a00000,0x00000000f7a00000,0x00000000f7d00000)
 ParOldGen       total 44032K, used 4813K [0x00000000c1c00000, 0x00000000c4700000, 0x00000000eb400000)
  object space 44032K, 10% used [0x00000000c1c00000,0x00000000c20b3658,0x00000000c4700000)
 Metaspace       used 12308K, capacity 12494K, committed 12672K, reserved 1060864K
  class space    used 1534K, capacity 1573K, committed 1664K, reserved 1048576K
Event: 23.556 GC heap after
Heap after GC invocations=18 (full 0):
 PSYoungGen      total 151552K, used 32K [0x00000000eb400000, 0x00000000f7a80000, 0x0000000100000000)
  eden space 151040K, 0% used [0x00000000eb400000,0x00000000eb400000,0x00000000f4780000)
  from space 512K, 6% used [0x00000000f7a00000,0x00000000f7a08000,0x00000000f7a80000)
  to   space 2560K, 0% used [0x00000000f7580000,0x00000000f7580000,0x00000000f7800000)
 ParOldGen       total 44032K, used 4813K [0x00000000c1c00000, 0x00000000c4700000, 0x00000000eb400000)
  object space 44032K, 10% used [0x00000000c1c00000,0x00000000c20b3658,0x00000000c4700000)
 Metaspace       used 12308K, capacity 12494K, committed 12672K, reserved 1060864K
  class space    used 1534K, capacity 1573K, committed 1664K, reserved 1048576K
}
Event: 33.612 GC heap before
{Heap before GC invocations=19 (full 0):
 PSYoungGen      total 151552K, used 151072K [0x00000000eb400000, 0x00000000f7a80000, 0x0000000100000000)
  eden space 151040K, 100% used [0x00000000eb400000,0x00000000f4780000,0x00000000f4780000)
  from space 512K, 6% used [0x00000000f7a00000,0x00000000f7a08000,0x00000000f7a80000)
  to   space 2560K, 0% used [0x00000000f7580000,0x00000000f7580000,0x00000000f7800000)
 ParOldGen       total 44032K, used 4813K [0x00000000c1c00000, 0x00000000c4700000, 0x00000000eb400000)
  object space 44032K, 10% used [0x00000000c1c00000,0x00000000c20b3658,0x00000000c4700000)
 Metaspace       used 12334K, capacity 12494K, committed 12672K, reserved 1060864K
  class space    used 1534K, capacity 1573K, committed 1664K, reserved 1048576K
Event: 33.613 GC heap after
Heap after GC invocations=19 (full 0):
 PSYoungGen      total 146944K, used 64K [0x00000000eb400000, 0x00000000f7a80000, 0x0000000100000000)
  eden space 144384K, 0% used [0x00000000eb400000,0x00000000eb400000,0x00000000f4100000)
  from space 2560K, 2% used [0x00000000f7580000,0x00000000f7590000,0x00000000f7800000)
  to   space 2560K, 0% used [0x00000000f7800000,0x00000000f7800000,0x00000000f7a80000)
 ParOldGen       total 44032K, used 4837K [0x00000000c1c00000, 0x00000000c4700000, 0x00000000eb400000)
  object space 44032K, 10% used [0x00000000c1c00000,0x00000000c20b9658,0x00000000c4700000)
 Metaspace       used 12334K, capacity 12494K, committed 12672K, reserved 1060864K
  class space    used 1534K, capacity 1573K, committed 1664K, reserved 1048576K
}

Deoptimization events (10 events):
Event: 4.446 Thread 0x0000000015c4e800 Uncommon trap: reason=class_check action=maybe_recompile pc=0x0000000002394fdc method=java.lang.String.equals(Ljava/lang/Object;)Z @ 8
Event: 4.446 Thread 0x0000000015c4e800 Uncommon trap: reason=class_check action=maybe_recompile pc=0x0000000002394fdc method=java.lang.String.equals(Ljava/lang/Object;)Z @ 8
Event: 11.094 Thread 0x0000000015c4e800 Uncommon trap: reason=unreached action=reinterpret pc=0x000000000264f410 method=java.lang.ThreadLocal$ThreadLocalMap.getEntry(Ljava/lang/ThreadLocal;)Ljava/lang/ThreadLocal$ThreadLocalMap$Entry; @ 21
Event: 17.734 Thread 0x0000000015c4e800 Uncommon trap: reason=unloaded action=reinterpret pc=0x00000000025d6338 method=mega.math.machine.MMM.infixToPostfix(Ljava/lang/String;)Ljava/lang/String; @ 242
Event: 23.208 Thread 0x0000000015c4e800 Uncommon trap: reason=intrinsic action=make_not_entrant pc=0x0000000002676c70 method=mega.math.machine.MMM.evaluate(Ljava/lang/String;)Ljava/math/BigDecimal; @ 365
Event: 23.209 Thread 0x0000000015c4e800 Uncommon trap: reason=unloaded action=reinterpret pc=0x000000000265742c method=java.math.BigDecimal.<init>(DLjava/math/MathContext;)V @ 18
Event: 32.534 Thread 0x0000000015c4e800 Uncommon trap: reason=array_check action=maybe_recompile pc=0x0000000002767088 method=java.util.AbstractCollection.toArray([Ljava/lang/Object;)[Ljava/lang/Object; @ 119
Event: 32.534 Thread 0x0000000015c4e800 Uncommon trap: reason=array_check action=maybe_recompile pc=0x0000000002767088 method=java.util.AbstractCollection.toArray([Ljava/lang/Object;)[Ljava/lang/Object; @ 119
Event: 32.534 Thread 0x0000000015c4e800 Uncommon trap: reason=array_check action=maybe_recompile pc=0x0000000002767088 method=java.util.AbstractCollection.toArray([Ljava/lang/Object;)[Ljava/lang/Object; @ 119
Event: 32.534 Thread 0x0000000015c4e800 Uncommon trap: reason=array_check action=maybe_recompile pc=0x0000000002767088 method=java.util.AbstractCollection.toArray([Ljava/lang/Object;)[Ljava/lang/Object; @ 119

Internal exceptions (10 events):
Event: 1.113 Thread 0x00000000020e0800 Exception <a 'java/security/PrivilegedActionException'> (0x00000000eb7aa108) thrown at [D:\re\workspace\8-2-build-windows-amd64-cygwin\jdk8u20\1074\hotspot\src\share\vm\prims\jvm.cpp, line 1275]
Event: 1.114 Thread 0x00000000020e0800 Exception <a 'java/security/PrivilegedActionException'> (0x00000000eb7ab810) thrown at [D:\re\workspace\8-2-build-windows-amd64-cygwin\jdk8u20\1074\hotspot\src\share\vm\prims\jvm.cpp, line 1275]
Event: 1.115 Thread 0x00000000020e0800 Exception <a 'java/security/PrivilegedActionException'> (0x00000000eb7ae598) thrown at [D:\re\workspace\8-2-build-windows-amd64-cygwin\jdk8u20\1074\hotspot\src\share\vm\prims\jvm.cpp, line 1275]
Event: 1.116 Thread 0x00000000020e0800 Exception <a 'java/security/PrivilegedActionException'> (0x00000000eb7afeb0) thrown at [D:\re\workspace\8-2-build-windows-amd64-cygwin\jdk8u20\1074\hotspot\src\share\vm\prims\jvm.cpp, line 1275]
Event: 1.118 Thread 0x00000000020e0800 Exception <a 'java/security/PrivilegedActionException'> (0x00000000eb7b1710) thrown at [D:\re\workspace\8-2-build-windows-amd64-cygwin\jdk8u20\1074\hotspot\src\share\vm\prims\jvm.cpp, line 1275]
Event: 1.120 Thread 0x00000000020e0800 Exception <a 'java/lang/NullPointerException'> (0x00000000eb7b5340) thrown at [D:\re\workspace\8-2-build-windows-amd64-cygwin\jdk8u20\1074\hotspot\src\share\vm\interpreter\linkResolver.cpp, line 1166]
Event: 1.120 Thread 0x00000000020e0800 Exception <a 'java/security/PrivilegedActionException'> (0x00000000eb7b5d78) thrown at [D:\re\workspace\8-2-build-windows-amd64-cygwin\jdk8u20\1074\hotspot\src\share\vm\prims\jvm.cpp, line 1275]
Event: 1.123 Thread 0x00000000020e0800 Exception <a 'java/security/PrivilegedActionException'> (0x00000000eb7b7540) thrown at [D:\re\workspace\8-2-build-windows-amd64-cygwin\jdk8u20\1074\hotspot\src\share\vm\prims\jvm.cpp, line 1275]
Event: 1.129 Thread 0x00000000020e0800 Exception <a 'java/security/PrivilegedActionException'> (0x00000000eb7b8c80) thrown at [D:\re\workspace\8-2-build-windows-amd64-cygwin\jdk8u20\1074\hotspot\src\share\vm\prims\jvm.cpp, line 1275]
Event: 11.094 Thread 0x0000000015c4e800 Implicit null exception at 0x000000000264f37b to 0x000000000264f3f1

Events (10 events):
Event: 36.007 Thread 0x000000001456b800 flushing nmethod 0x00000000022ec950
Event: 36.007 Thread 0x000000001456b800 flushing nmethod 0x00000000022ecc90
Event: 36.007 Thread 0x000000001456b800 flushing nmethod 0x00000000022eee10
Event: 36.007 Thread 0x000000001456b800 flushing nmethod 0x00000000022ef510
Event: 36.007 Thread 0x000000001456b800 flushing nmethod 0x0000000002300e10
Event: 36.007 Thread 0x000000001456b800 flushing nmethod 0x0000000002301110
Event: 36.809 loading class javax/swing/text/DefaultHighlighter$LayeredHighlightInfo
Event: 36.809 loading class javax/swing/text/DefaultHighlighter$HighlightInfo
Event: 36.809 loading class javax/swing/text/DefaultHighlighter$HighlightInfo done
Event: 36.809 loading class javax/swing/text/DefaultHighlighter$LayeredHighlightInfo done


Dynamic libraries:
0x00007ff72adb0000 - 0x00007ff72ade4000 	C:\Program Files\Java\jdk1.8.0_20\bin\java.exe
0x00007ffd3b6f0000 - 0x00007ffd3b89c000 	C:\WINDOWS\SYSTEM32\ntdll.dll
0x00007ffd3afa0000 - 0x00007ffd3b0de000 	C:\WINDOWS\system32\KERNEL32.DLL
0x00007ffd38920000 - 0x00007ffd38a35000 	C:\WINDOWS\system32\KERNELBASE.dll
0x00007ffd373f0000 - 0x00007ffd3747e000 	C:\WINDOWS\system32\apphelp.dll
0x00007ffd294c0000 - 0x00007ffd29513000 	C:\WINDOWS\AppPatch\AppPatch64\AcGenral.DLL
0x00007ffd39070000 - 0x00007ffd3911a000 	C:\WINDOWS\system32\msvcrt.dll
0x00007ffd38680000 - 0x00007ffd386ae000 	C:\WINDOWS\SYSTEM32\SspiCli.dll
0x00007ffd3b0e0000 - 0x00007ffd3b134000 	C:\WINDOWS\system32\SHLWAPI.dll
0x00007ffd3b4b0000 - 0x00007ffd3b627000 	C:\WINDOWS\system32\USER32.dll
0x00007ffd3b1c0000 - 0x00007ffd3b354000 	C:\WINDOWS\system32\ole32.dll
0x00007ffd39820000 - 0x00007ffd3ad39000 	C:\WINDOWS\system32\SHELL32.dll
0x00007ffd37e50000 - 0x00007ffd37e71000 	C:\WINDOWS\SYSTEM32\USERENV.dll
0x00007ffd38fc0000 - 0x00007ffd3906a000 	C:\WINDOWS\system32\ADVAPI32.dll
0x00007ffd314a0000 - 0x00007ffd314be000 	C:\WINDOWS\SYSTEM32\MPR.dll
0x00007ffd396c0000 - 0x00007ffd39801000 	C:\WINDOWS\system32\RPCRT4.dll
0x00007ffd39370000 - 0x00007ffd393c9000 	C:\WINDOWS\SYSTEM32\sechost.dll
0x00007ffd393e0000 - 0x00007ffd395f1000 	C:\WINDOWS\SYSTEM32\combase.dll
0x00007ffd3b360000 - 0x00007ffd3b4b0000 	C:\WINDOWS\system32\GDI32.dll
0x00007ffd38850000 - 0x00007ffd38865000 	C:\WINDOWS\SYSTEM32\profapi.dll
0x00007ffd36dc0000 - 0x00007ffd36e72000 	C:\WINDOWS\SYSTEM32\SHCORE.dll
0x00007ffd39330000 - 0x00007ffd39366000 	C:\WINDOWS\system32\IMM32.DLL
0x00007ffd38e60000 - 0x00007ffd38fb2000 	C:\WINDOWS\system32\MSCTF.dll
0x00007ffd36940000 - 0x00007ffd36bba000 	C:\WINDOWS\WinSxS\amd64_microsoft.windows.common-controls_6595b64144ccf1df_6.0.9600.17810_none_6240b9c7ecbd0bda\COMCTL32.dll
0x0000000062270000 - 0x0000000062342000 	C:\Program Files\Java\jdk1.8.0_20\jre\bin\msvcr100.dll
0x0000000062350000 - 0x0000000062ba8000 	C:\Program Files\Java\jdk1.8.0_20\jre\bin\server\jvm.dll
0x00007ffd305f0000 - 0x00007ffd305f9000 	C:\WINDOWS\SYSTEM32\WSOCK32.dll
0x00007ffd306d0000 - 0x00007ffd306f2000 	C:\WINDOWS\SYSTEM32\WINMM.dll
0x00007ffd38e50000 - 0x00007ffd38e57000 	C:\WINDOWS\system32\PSAPI.DLL
0x00007ffd392d0000 - 0x00007ffd3932a000 	C:\WINDOWS\system32\WS2_32.dll
0x00007ffd306a0000 - 0x00007ffd306ca000 	C:\WINDOWS\SYSTEM32\WINMMBASE.dll
0x00007ffd393d0000 - 0x00007ffd393d9000 	C:\WINDOWS\system32\NSI.dll
0x00007ffd38aa0000 - 0x00007ffd38aef000 	C:\WINDOWS\SYSTEM32\cfgmgr32.dll
0x00007ffd37640000 - 0x00007ffd37668000 	C:\WINDOWS\SYSTEM32\DEVOBJ.dll
0x0000000062220000 - 0x000000006222f000 	C:\Program Files\Java\jdk1.8.0_20\jre\bin\verify.dll
0x00000000621f0000 - 0x0000000062218000 	C:\Program Files\Java\jdk1.8.0_20\jre\bin\java.dll
0x00000000621d0000 - 0x00000000621e6000 	C:\Program Files\Java\jdk1.8.0_20\jre\bin\zip.dll
0x0000000061ff0000 - 0x0000000062188000 	C:\Program Files\Java\jdk1.8.0_20\jre\bin\awt.dll
0x00007ffd38d80000 - 0x00007ffd38e41000 	C:\WINDOWS\system32\OLEAUT32.dll
0x00007ffd36bc0000 - 0x00007ffd36be1000 	C:\WINDOWS\system32\DWMAPI.DLL
0x00007ffd37510000 - 0x00007ffd37639000 	C:\WINDOWS\system32\uxtheme.dll
0x00007ffd26e00000 - 0x00007ffd26eab000 	C:\Program Files\Common Files\microsoft shared\ink\tiptsf.dll
0x00007ffd37780000 - 0x00007ffd3778b000 	C:\WINDOWS\SYSTEM32\kernel.appcore.dll
0x00007ffd38720000 - 0x00007ffd3872b000 	C:\WINDOWS\SYSTEM32\CRYPTBASE.dll
0x00007ffd386b0000 - 0x00007ffd38713000 	C:\WINDOWS\SYSTEM32\bcryptPrimitives.dll
0x00007ffd28850000 - 0x00007ffd28a71000 	C:\WINDOWS\system32\d3d9.dll
0x00007ffd32490000 - 0x00007ffd3249a000 	C:\WINDOWS\SYSTEM32\VERSION.dll
0x00007ffd07d30000 - 0x00007ffd088c8000 	C:\WINDOWS\SYSTEM32\igdumdim64.dll
0x00007ffd35020000 - 0x00007ffd35460000 	C:\WINDOWS\SYSTEM32\igdusc64.dll
0x0000000061fa0000 - 0x0000000061fe7000 	C:\Program Files\Java\jdk1.8.0_20\jre\bin\fontmanager.dll
0x00007ffd39600000 - 0x00007ffd396b6000 	C:\WINDOWS\SYSTEM32\clbcatq.dll
0x00007ffd36780000 - 0x00007ffd3692e000 	C:\WINDOWS\SYSTEM32\WindowsCodecs.dll
0x00007ffd38120000 - 0x00007ffd38140000 	C:\WINDOWS\SYSTEM32\CRYPTSP.dll
0x00007ffd37d40000 - 0x00007ffd37d76000 	C:\WINDOWS\system32\rsaenh.dll
0x00007ffd38370000 - 0x00007ffd38396000 	C:\WINDOWS\SYSTEM32\bcrypt.dll
0x00000000621b0000 - 0x00000000621ca000 	C:\Program Files\Java\jdk1.8.0_20\jre\bin\net.dll
0x00007ffd380c0000 - 0x00007ffd38119000 	C:\WINDOWS\system32\mswsock.dll
0x0000000062190000 - 0x00000000621a1000 	C:\Program Files\Java\jdk1.8.0_20\jre\bin\nio.dll
0x0000000061f50000 - 0x0000000061f91000 	C:\Program Files\Java\jdk1.8.0_20\jre\bin\t2k.dll
0x00007ffd34870000 - 0x00007ffd348da000 	C:\WINDOWS\SYSTEM32\oleacc.dll
0x00007ffd33600000 - 0x00007ffd33789000 	C:\WINDOWS\SYSTEM32\dbghelp.dll

VM Arguments:
jvm_args: -Dfile.encoding=UTF-8 
java_command: mega.math.machine.MegaMathMachine
java_class_path (initial): C:\Beans - Jack\Mega Math Machine\build\classes
Launcher Type: SUN_STANDARD

Environment Variables:
PATH=C:\ProgramData\Oracle\Java\javapath;C:\Program Files (x86)\Intel\iCLS Client\;C:\Program Files\Intel\iCLS Client\;C:\WINDOWS\system32;C:\WINDOWS;C:\WINDOWS\System32\Wbem;C:\WINDOWS\System32\WindowsPowerShell\v1.0\;C:\Program Files (x86)\Windows Live\Shared;C:\Program Files\Intel\Intel(R) Management Engine Components\DAL;C:\Program Files\Intel\Intel(R) Management Engine Components\IPT;C:\Program Files (x86)\Intel\Intel(R) Management Engine Components\DAL;C:\Program Files (x86)\Intel\Intel(R) Management Engine Components\IPT;C:\Program Files (x86)\Intel\OpenCL SDK\2.0\bin\x86;C:\Program Files (x86)\Intel\OpenCL SDK\2.0\bin\x64;C:\Program Files\Microsoft\Web Platform Installer\;C:\Program Files (x86)\Microsoft ASP.NET\ASP.NET Web Pages\v1.0\;C:\Program Files (x86)\Windows Kits\8.0\Windows Performance Toolkit\;C:\Program Files\Microsoft SQL Server\110\Tools\Binn\;C:\Program Files (x86)\QuickTime\QTSystem\
USERNAME=Jack
OS=Windows_NT
PROCESSOR_IDENTIFIER=Intel64 Family 6 Model 58 Stepping 9, GenuineIntel



---------------  S Y S T E M  ---------------

OS: Windows 8.1 , 64 bit Build 9600 

CPU:total 2 (2 cores per cpu, 1 threads per core) family 6 model 58 stepping 9, cmov, cx8, fxsr, mmx, sse, sse2, sse3, ssse3, sse4.1, sse4.2, popcnt, clmul, erms, tsc, tscinvbit, tscinv

Memory: 4k page, physical 4077300k(1305080k free), swap 4077300k(5120k free)

vm_info: Java HotSpot(TM) 64-Bit Server VM (25.20-b23) for windows-amd64 JRE (1.8.0_20-b26), built on Jul 30 2014 13:51:23 by "java_re" with MS VC++ 10.0 (VS2010)

time: Mon Jul 27 17:50:06 2015
elapsed time: 37 seconds (0d 0h 0m 37s)

