#
# There is insufficient memory for the Java Runtime Environment to continue.
# Native memory allocation (malloc) failed to allocate 78528 bytes for Chunk::new
# Possible reasons:
#   The system is out of physical RAM or swap space
#   In 32 bit mode, the process size limit was hit
# Possible solutions:
#   Reduce memory load on the system
#   Increase physical memory or swap space
#   Check if swap backing store is full
#   Use 64 bit Java on a 64 bit OS
#   Decrease Java heap size (-Xmx/-Xms)
#   Decrease number of Java threads
#   Decrease Java thread stack sizes (-Xss)
#   Set larger code cache with -XX:ReservedCodeCacheSize=
# This output file may be truncated or incomplete.
#
#  Out of Memory Error (allocation.cpp:390), pid=9020, tid=9016
#
# JRE version: Java(TM) SE Runtime Environment (8.0_20-b26) (build 1.8.0_20-b26)
# Java VM: Java HotSpot(TM) 64-Bit Server VM (25.20-b23 mixed mode windows-amd64 compressed oops)
# Failed to write core dump. Minidumps are not enabled by default on client versions of Windows
#

---------------  T H R E A D  ---------------

Current thread (0x0000000014af4800):  JavaThread "C2 CompilerThread0" daemon [_thread_in_native, id=9016, stack(0x0000000015a40000,0x0000000015b40000)]

Stack: [0x0000000015a40000,0x0000000015b40000]
Native frames: (J=compiled Java code, j=interpreted, Vv=VM code, C=native code)
V  [jvm.dll+0x3152fa]


Current CompileTask:
C2:  13231  914 % !   4       mega.math.machine.MMM::conFlippingVert @ 324 (580 bytes)


---------------  P R O C E S S  ---------------

Java Threads: ( => current thread )
  0x0000000018c33800 JavaThread "TimerQueue" daemon [_thread_blocked, id=3256, stack(0x0000000019d00000,0x0000000019e00000)]
  0x0000000018c29800 JavaThread "D3D Screen Updater" daemon [_thread_blocked, id=9196, stack(0x0000000019510000,0x0000000019610000)]
  0x0000000002670800 JavaThread "DestroyJavaVM" [_thread_blocked, id=4588, stack(0x0000000002570000,0x0000000002670000)]
  0x00000000161cb800 JavaThread "AWT-EventQueue-0" [_thread_in_Java, id=1288, stack(0x0000000018030000,0x0000000018130000)]
  0x0000000016150000 JavaThread "AWT-Windows" daemon [_thread_in_native, id=7620, stack(0x0000000016690000,0x0000000016790000)]
  0x000000001614e800 JavaThread "AWT-Shutdown" [_thread_blocked, id=7672, stack(0x0000000016590000,0x0000000016690000)]
  0x000000001614d800 JavaThread "Java2D Disposer" daemon [_thread_blocked, id=3300, stack(0x0000000016490000,0x0000000016590000)]
  0x0000000014b75000 JavaThread "Service Thread" daemon [_thread_blocked, id=5848, stack(0x0000000015c40000,0x0000000015d40000)]
  0x0000000014afa000 JavaThread "C1 CompilerThread1" daemon [_thread_blocked, id=7052, stack(0x0000000015b40000,0x0000000015c40000)]
=>0x0000000014af4800 JavaThread "C2 CompilerThread0" daemon [_thread_in_native, id=9016, stack(0x0000000015a40000,0x0000000015b40000)]
  0x0000000014b04000 JavaThread "Attach Listener" daemon [_thread_blocked, id=1076, stack(0x0000000015940000,0x0000000015a40000)]
  0x0000000014b01000 JavaThread "Signal Dispatcher" daemon [_thread_blocked, id=7164, stack(0x0000000015840000,0x0000000015940000)]
  0x0000000014ab9800 JavaThread "Finalizer" daemon [_thread_blocked, id=8048, stack(0x0000000015740000,0x0000000015840000)]
  0x0000000014ab1800 JavaThread "Reference Handler" daemon [_thread_blocked, id=7108, stack(0x0000000015640000,0x0000000015740000)]

Other Threads:
  0x0000000014aaa800 VMThread [stack: 0x0000000015540000,0x0000000015640000] [id=6824]
  0x0000000014b77800 WatcherThread [stack: 0x0000000015d40000,0x0000000015e40000] [id=7740]

VM state:not at safepoint (normal execution)

VM Mutex/Monitor currently owned by a thread: None

Heap:
 PSYoungGen      total 160256K, used 37441K [0x00000000eb400000, 0x00000000f5100000, 0x0000000100000000)
  eden space 159744K, 23% used [0x00000000eb400000,0x00000000ed856ce8,0x00000000f5000000)
  from space 512K, 44% used [0x00000000f5000000,0x00000000f5039958,0x00000000f5080000)
  to   space 512K, 0% used [0x00000000f5080000,0x00000000f5080000,0x00000000f5100000)
 ParOldGen       total 44032K, used 2498K [0x00000000c1c00000, 0x00000000c4700000, 0x00000000eb400000)
  object space 44032K, 5% used [0x00000000c1c00000,0x00000000c1e70a00,0x00000000c4700000)
 Metaspace       used 11553K, capacity 11698K, committed 11904K, reserved 1058816K
  class space    used 1482K, capacity 1541K, committed 1664K, reserved 1048576K

Card table byte_map: [0x0000000011b30000,0x0000000011d30000] byte_map_base: 0x0000000011522000

Marking Bits: (ParMarkBitMap*) 0x000000005700b460
 Begin Bits: [0x0000000012080000, 0x0000000013010000)
 End Bits:   [0x0000000013010000, 0x0000000013fa0000)

Polling page: 0x0000000000c60000

CodeCache: size=245760Kb used=3251Kb max_used=3251Kb free=242508Kb
 bounds [0x0000000002770000, 0x0000000002aa0000, 0x0000000011770000]
 total_blobs=1400 nmethods=912 adapters=402
 compilation: enabled

Compilation events (10 events):
Event: 9.588 Thread 0x0000000014afa000 nmethod 909 0x0000000002a81ad0 code [0x0000000002a81ca0, 0x0000000002a82358]
Event: 9.588 Thread 0x0000000014afa000  910   !   3       sun.awt.GlobalCursorManager$NativeUpdater::postIfNotPending (48 bytes)
Event: 9.588 Thread 0x0000000014afa000 nmethod 910 0x0000000002a7f250 code [0x0000000002a7f3c0, 0x0000000002a7f798]
Event: 9.843 Thread 0x0000000014afa000  911 % !   3       mega.math.machine.MMM::conFlippingVert @ 324 (580 bytes)
Event: 9.858 Thread 0x0000000014afa000 nmethod 911% 0x0000000002a82710 code [0x0000000002a83040, 0x0000000002a8ab68]
Event: 9.910 Thread 0x0000000014afa000  912   !   3       mega.math.machine.MMM::conFlippingVert (580 bytes)
Event: 9.923 Thread 0x0000000014afa000 nmethod 912 0x0000000002a90c10 code [0x0000000002a91520, 0x0000000002a988a8]
Event: 9.986 Thread 0x0000000014afa000  913       3       java.awt.event.InvocationEvent::<init> (52 bytes)
Event: 9.986 Thread 0x0000000014afa000 nmethod 913 0x0000000002a7d890 code [0x0000000002a7da00, 0x0000000002a7dc48]
Event: 13.190 Thread 0x0000000014af4800  914 % !   4       mega.math.machine.MMM::conFlippingVert @ 324 (580 bytes)

GC Heap History (10 events):
Event: 13.043 GC heap before
{Heap before GC invocations=141 (full 0):
 PSYoungGen      total 160256K, used 159822K [0x00000000eb400000, 0x00000000f5100000, 0x0000000100000000)
  eden space 159744K, 99% used [0x00000000eb400000,0x00000000f4fdb080,0x00000000f5000000)
  from space 512K, 44% used [0x00000000f5080000,0x00000000f50b8990,0x00000000f5100000)
  to   space 512K, 0% used [0x00000000f5000000,0x00000000f5000000,0x00000000f5080000)
 ParOldGen       total 44032K, used 2474K [0x00000000c1c00000, 0x00000000c4700000, 0x00000000eb400000)
  object space 44032K, 5% used [0x00000000c1c00000,0x00000000c1e6aa00,0x00000000c4700000)
 Metaspace       used 11553K, capacity 11698K, committed 11904K, reserved 1058816K
  class space    used 1482K, capacity 1541K, committed 1664K, reserved 1048576K
Event: 13.044 GC heap after
Heap after GC invocations=141 (full 0):
 PSYoungGen      total 160256K, used 259K [0x00000000eb400000, 0x00000000f5100000, 0x0000000100000000)
  eden space 159744K, 0% used [0x00000000eb400000,0x00000000eb400000,0x00000000f5000000)
  from space 512K, 50% used [0x00000000f5000000,0x00000000f5040cc0,0x00000000f5080000)
  to   space 512K, 0% used [0x00000000f5080000,0x00000000f5080000,0x00000000f5100000)
 ParOldGen       total 44032K, used 2482K [0x00000000c1c00000, 0x00000000c4700000, 0x00000000eb400000)
  object space 44032K, 5% used [0x00000000c1c00000,0x00000000c1e6ca00,0x00000000c4700000)
 Metaspace       used 11553K, capacity 11698K, committed 11904K, reserved 1058816K
  class space    used 1482K, capacity 1541K, committed 1664K, reserved 1048576K
}
Event: 13.087 GC heap before
{Heap before GC invocations=142 (full 0):
 PSYoungGen      total 160256K, used 159826K [0x00000000eb400000, 0x00000000f5100000, 0x0000000100000000)
  eden space 159744K, 99% used [0x00000000eb400000,0x00000000f4fd3e20,0x00000000f5000000)
  from space 512K, 50% used [0x00000000f5000000,0x00000000f5040cc0,0x00000000f5080000)
  to   space 512K, 0% used [0x00000000f5080000,0x00000000f5080000,0x00000000f5100000)
 ParOldGen       total 44032K, used 2482K [0x00000000c1c00000, 0x00000000c4700000, 0x00000000eb400000)
  object space 44032K, 5% used [0x00000000c1c00000,0x00000000c1e6ca00,0x00000000c4700000)
 Metaspace       used 11553K, capacity 11698K, committed 11904K, reserved 1058816K
  class space    used 1482K, capacity 1541K, committed 1664K, reserved 1048576K
Event: 13.088 GC heap after
Heap after GC invocations=142 (full 0):
 PSYoungGen      total 160256K, used 227K [0x00000000eb400000, 0x00000000f5100000, 0x0000000100000000)
  eden space 159744K, 0% used [0x00000000eb400000,0x00000000eb400000,0x00000000f5000000)
  from space 512K, 44% used [0x00000000f5080000,0x00000000f50b8ff0,0x00000000f5100000)
  to   space 512K, 0% used [0x00000000f5000000,0x00000000f5000000,0x00000000f5080000)
 ParOldGen       total 44032K, used 2498K [0x00000000c1c00000, 0x00000000c4700000, 0x00000000eb400000)
  object space 44032K, 5% used [0x00000000c1c00000,0x00000000c1e70a00,0x00000000c4700000)
 Metaspace       used 11553K, capacity 11698K, committed 11904K, reserved 1058816K
  class space    used 1482K, capacity 1541K, committed 1664K, reserved 1048576K
}
Event: 13.127 GC heap before
{Heap before GC invocations=143 (full 0):
 PSYoungGen      total 160256K, used 159971K [0x00000000eb400000, 0x00000000f5100000, 0x0000000100000000)
  eden space 159744K, 100% used [0x00000000eb400000,0x00000000f5000000,0x00000000f5000000)
  from space 512K, 44% used [0x00000000f5080000,0x00000000f50b8ff0,0x00000000f5100000)
  to   space 512K, 0% used [0x00000000f5000000,0x00000000f5000000,0x00000000f5080000)
 ParOldGen       total 44032K, used 2498K [0x00000000c1c00000, 0x00000000c4700000, 0x00000000eb400000)
  object space 44032K, 5% used [0x00000000c1c00000,0x00000000c1e70a00,0x00000000c4700000)
 Metaspace       used 11553K, capacity 11698K, committed 11904K, reserved 1058816K
  class space    used 1482K, capacity 1541K, committed 1664K, reserved 1048576K
Event: 13.128 GC heap after
Heap after GC invocations=143 (full 0):
 PSYoungGen      total 160256K, used 228K [0x00000000eb400000, 0x00000000f5100000, 0x0000000100000000)
  eden space 159744K, 0% used [0x00000000eb400000,0x00000000eb400000,0x00000000f5000000)
  from space 512K, 44% used [0x00000000f5000000,0x00000000f5039310,0x00000000f5080000)
  to   space 512K, 0% used [0x00000000f5080000,0x00000000f5080000,0x00000000f5100000)
 ParOldGen       total 44032K, used 2498K [0x00000000c1c00000, 0x00000000c4700000, 0x00000000eb400000)
  object space 44032K, 5% used [0x00000000c1c00000,0x00000000c1e70a00,0x00000000c4700000)
 Metaspace       used 11553K, capacity 11698K, committed 11904K, reserved 1058816K
  class space    used 1482K, capacity 1541K, committed 1664K, reserved 1048576K
}
Event: 13.167 GC heap before
{Heap before GC invocations=144 (full 0):
 PSYoungGen      total 160256K, used 159972K [0x00000000eb400000, 0x00000000f5100000, 0x0000000100000000)
  eden space 159744K, 100% used [0x00000000eb400000,0x00000000f5000000,0x00000000f5000000)
  from space 512K, 44% used [0x00000000f5000000,0x00000000f5039310,0x00000000f5080000)
  to   space 512K, 0% used [0x00000000f5080000,0x00000000f5080000,0x00000000f5100000)
 ParOldGen       total 44032K, used 2498K [0x00000000c1c00000, 0x00000000c4700000, 0x00000000eb400000)
  object space 44032K, 5% used [0x00000000c1c00000,0x00000000c1e70a00,0x00000000c4700000)
 Metaspace       used 11553K, capacity 11698K, committed 11904K, reserved 1058816K
  class space    used 1482K, capacity 1541K, committed 1664K, reserved 1048576K
Event: 13.168 GC heap after
Heap after GC invocations=144 (full 0):
 PSYoungGen      total 160256K, used 229K [0x00000000eb400000, 0x00000000f5100000, 0x0000000100000000)
  eden space 159744K, 0% used [0x00000000eb400000,0x00000000eb400000,0x00000000f5000000)
  from space 512K, 44% used [0x00000000f5080000,0x00000000f50b9630,0x00000000f5100000)
  to   space 512K, 0% used [0x00000000f5000000,0x00000000f5000000,0x00000000f5080000)
 ParOldGen       total 44032K, used 2498K [0x00000000c1c00000, 0x00000000c4700000, 0x00000000eb400000)
  object space 44032K, 5% used [0x00000000c1c00000,0x00000000c1e70a00,0x00000000c4700000)
 Metaspace       used 11553K, capacity 11698K, committed 11904K, reserved 1058816K
  class space    used 1482K, capacity 1541K, committed 1664K, reserved 1048576K
}
Event: 13.211 GC heap before
{Heap before GC invocations=145 (full 0):
 PSYoungGen      total 160256K, used 159973K [0x00000000eb400000, 0x00000000f5100000, 0x0000000100000000)
  eden space 159744K, 100% used [0x00000000eb400000,0x00000000f5000000,0x00000000f5000000)
  from space 512K, 44% used [0x00000000f5080000,0x00000000f50b9630,0x00000000f5100000)
  to   space 512K, 0% used [0x00000000f5000000,0x00000000f5000000,0x00000000f5080000)
 ParOldGen       total 44032K, used 2498K [0x00000000c1c00000, 0x00000000c4700000, 0x00000000eb400000)
  object space 44032K, 5% used [0x00000000c1c00000,0x00000000c1e70a00,0x00000000c4700000)
 Metaspace       used 11553K, capacity 11698K, committed 11904K, reserved 1058816K
  class space    used 1482K, capacity 1541K, committed 1664K, reserved 1048576K
Event: 13.213 GC heap after
Heap after GC invocations=145 (full 0):
 PSYoungGen      total 160256K, used 230K [0x00000000eb400000, 0x00000000f5100000, 0x0000000100000000)
  eden space 159744K, 0% used [0x00000000eb400000,0x00000000eb400000,0x00000000f5000000)
  from space 512K, 44% used [0x00000000f5000000,0x00000000f5039958,0x00000000f5080000)
  to   space 512K, 0% used [0x00000000f5080000,0x00000000f5080000,0x00000000f5100000)
 ParOldGen       total 44032K, used 2498K [0x00000000c1c00000, 0x00000000c4700000, 0x00000000eb400000)
  object space 44032K, 5% used [0x00000000c1c00000,0x00000000c1e70a00,0x00000000c4700000)
 Metaspace       used 11553K, capacity 11698K, committed 11904K, reserved 1058816K
  class space    used 1482K, capacity 1541K, committed 1664K, reserved 1048576K
}

Deoptimization events (4 events):
Event: 4.501 Thread 0x00000000161cb800 Uncommon trap: reason=class_check action=maybe_recompile pc=0x000000000291041c method=java.lang.String.equals(Ljava/lang/Object;)Z @ 8
Event: 4.501 Thread 0x00000000161cb800 Uncommon trap: reason=class_check action=maybe_recompile pc=0x000000000291041c method=java.lang.String.equals(Ljava/lang/Object;)Z @ 8
Event: 4.610 Thread 0x00000000161cb800 Uncommon trap: reason=class_check action=maybe_recompile pc=0x000000000291041c method=java.lang.String.equals(Ljava/lang/Object;)Z @ 8
Event: 4.610 Thread 0x00000000161cb800 Uncommon trap: reason=class_check action=maybe_recompile pc=0x000000000291041c method=java.lang.String.equals(Ljava/lang/Object;)Z @ 8

Internal exceptions (10 events):
Event: 0.594 Thread 0x0000000002670800 Exception <a 'java/security/PrivilegedActionException'> (0x00000000eb796848) thrown at [D:\re\workspace\8-2-build-windows-amd64-cygwin\jdk8u20\1074\hotspot\src\share\vm\prims\jvm.cpp, line 1275]
Event: 0.595 Thread 0x0000000002670800 Exception <a 'java/security/PrivilegedActionException'> (0x00000000eb797f88) thrown at [D:\re\workspace\8-2-build-windows-amd64-cygwin\jdk8u20\1074\hotspot\src\share\vm\prims\jvm.cpp, line 1275]
Event: 0.597 Thread 0x0000000002670800 Exception <a 'java/security/PrivilegedActionException'> (0x00000000eb7998a0) thrown at [D:\re\workspace\8-2-build-windows-amd64-cygwin\jdk8u20\1074\hotspot\src\share\vm\prims\jvm.cpp, line 1275]
Event: 0.598 Thread 0x0000000002670800 Exception <a 'java/security/PrivilegedActionException'> (0x00000000eb79af80) thrown at [D:\re\workspace\8-2-build-windows-amd64-cygwin\jdk8u20\1074\hotspot\src\share\vm\prims\jvm.cpp, line 1275]
Event: 0.598 Thread 0x0000000002670800 Exception <a 'java/security/PrivilegedActionException'> (0x00000000eb79c6c0) thrown at [D:\re\workspace\8-2-build-windows-amd64-cygwin\jdk8u20\1074\hotspot\src\share\vm\prims\jvm.cpp, line 1275]
Event: 0.601 Thread 0x0000000002670800 Exception <a 'java/security/PrivilegedActionException'> (0x00000000eb79df80) thrown at [D:\re\workspace\8-2-build-windows-amd64-cygwin\jdk8u20\1074\hotspot\src\share\vm\prims\jvm.cpp, line 1275]
Event: 0.602 Thread 0x0000000002670800 Exception <a 'java/security/PrivilegedActionException'> (0x00000000eb79f668) thrown at [D:\re\workspace\8-2-build-windows-amd64-cygwin\jdk8u20\1074\hotspot\src\share\vm\prims\jvm.cpp, line 1275]
Event: 0.602 Thread 0x0000000002670800 Exception <a 'java/security/PrivilegedActionException'> (0x00000000eb7a0da8) thrown at [D:\re\workspace\8-2-build-windows-amd64-cygwin\jdk8u20\1074\hotspot\src\share\vm\prims\jvm.cpp, line 1275]
Event: 0.607 Thread 0x0000000002670800 Exception <a 'java/security/PrivilegedActionException'> (0x00000000eb7a4e18) thrown at [D:\re\workspace\8-2-build-windows-amd64-cygwin\jdk8u20\1074\hotspot\src\share\vm\prims\jvm.cpp, line 1275]
Event: 0.608 Thread 0x0000000002670800 Exception <a 'java/security/PrivilegedActionException'> (0x00000000eb7a66a0) thrown at [D:\re\workspace\8-2-build-windows-amd64-cygwin\jdk8u20\1074\hotspot\src\share\vm\prims\jvm.cpp, line 1275]

Events (10 events):
Event: 13.043 Executing VM operation: ParallelGCFailedAllocation
Event: 13.044 Executing VM operation: ParallelGCFailedAllocation done
Event: 13.087 Executing VM operation: ParallelGCFailedAllocation
Event: 13.088 Executing VM operation: ParallelGCFailedAllocation done
Event: 13.127 Executing VM operation: ParallelGCFailedAllocation
Event: 13.128 Executing VM operation: ParallelGCFailedAllocation done
Event: 13.167 Executing VM operation: ParallelGCFailedAllocation
Event: 13.168 Executing VM operation: ParallelGCFailedAllocation done
Event: 13.211 Executing VM operation: ParallelGCFailedAllocation
Event: 13.213 Executing VM operation: ParallelGCFailedAllocation done


Dynamic libraries:
0x00007ff7141d0000 - 0x00007ff714204000 	C:\Program Files\Java\jdk1.8.0_20\bin\java.exe
0x00007ffa1c760000 - 0x00007ffa1c90c000 	C:\WINDOWS\SYSTEM32\ntdll.dll
0x00007ffa1c570000 - 0x00007ffa1c6ae000 	C:\WINDOWS\system32\KERNEL32.DLL
0x00007ffa19af0000 - 0x00007ffa19c05000 	C:\WINDOWS\system32\KERNELBASE.dll
0x00007ffa18460000 - 0x00007ffa184ee000 	C:\WINDOWS\system32\apphelp.dll
0x00007ffa0b8a0000 - 0x00007ffa0b8f3000 	C:\WINDOWS\AppPatch\AppPatch64\AcGenral.DLL
0x00007ffa1c6b0000 - 0x00007ffa1c75a000 	C:\WINDOWS\system32\msvcrt.dll
0x00007ffa196f0000 - 0x00007ffa1971e000 	C:\WINDOWS\SYSTEM32\SspiCli.dll
0x00007ffa1bc80000 - 0x00007ffa1bcd4000 	C:\WINDOWS\system32\SHLWAPI.dll
0x00007ffa1b790000 - 0x00007ffa1b907000 	C:\WINDOWS\system32\USER32.dll
0x00007ffa1bae0000 - 0x00007ffa1bc74000 	C:\WINDOWS\system32\ole32.dll
0x00007ffa19eb0000 - 0x00007ffa1b3c9000 	C:\WINDOWS\system32\SHELL32.dll
0x00007ffa18ec0000 - 0x00007ffa18ee1000 	C:\WINDOWS\SYSTEM32\USERENV.dll
0x00007ffa1b430000 - 0x00007ffa1b4da000 	C:\WINDOWS\system32\ADVAPI32.dll
0x00007ffa10db0000 - 0x00007ffa10dce000 	C:\WINDOWS\SYSTEM32\MPR.dll
0x00007ffa1b910000 - 0x00007ffa1ba51000 	C:\WINDOWS\system32\RPCRT4.dll
0x00007ffa1b3d0000 - 0x00007ffa1b429000 	C:\WINDOWS\SYSTEM32\sechost.dll
0x00007ffa1bdb0000 - 0x00007ffa1bfc1000 	C:\WINDOWS\SYSTEM32\combase.dll
0x00007ffa1c420000 - 0x00007ffa1c570000 	C:\WINDOWS\system32\GDI32.dll
0x00007ffa198c0000 - 0x00007ffa198d5000 	C:\WINDOWS\SYSTEM32\profapi.dll
0x00007ffa165f0000 - 0x00007ffa166a2000 	C:\WINDOWS\SYSTEM32\SHCORE.dll
0x00007ffa1c320000 - 0x00007ffa1c356000 	C:\WINDOWS\system32\IMM32.DLL
0x00007ffa1bfe0000 - 0x00007ffa1c132000 	C:\WINDOWS\system32\MSCTF.dll
0x00007ffa16170000 - 0x00007ffa163ea000 	C:\WINDOWS\WinSxS\amd64_microsoft.windows.common-controls_6595b64144ccf1df_6.0.9600.17810_none_6240b9c7ecbd0bda\COMCTL32.dll
0x0000000056750000 - 0x0000000056822000 	C:\Program Files\Java\jdk1.8.0_20\jre\bin\msvcr100.dll
0x0000000056830000 - 0x0000000057088000 	C:\Program Files\Java\jdk1.8.0_20\jre\bin\server\jvm.dll
0x00007ffa10d20000 - 0x00007ffa10d29000 	C:\WINDOWS\SYSTEM32\WSOCK32.dll
0x00007ffa11000000 - 0x00007ffa11022000 	C:\WINDOWS\SYSTEM32\WINMM.dll
0x00007ffa1b780000 - 0x00007ffa1b787000 	C:\WINDOWS\system32\PSAPI.DLL
0x00007ffa1b710000 - 0x00007ffa1b76a000 	C:\WINDOWS\system32\WS2_32.dll
0x00007ffa10f40000 - 0x00007ffa10f6a000 	C:\WINDOWS\SYSTEM32\WINMMBASE.dll
0x00007ffa1b770000 - 0x00007ffa1b779000 	C:\WINDOWS\system32\NSI.dll
0x00007ffa19aa0000 - 0x00007ffa19aef000 	C:\WINDOWS\SYSTEM32\cfgmgr32.dll
0x00007ffa186b0000 - 0x00007ffa186d8000 	C:\WINDOWS\SYSTEM32\DEVOBJ.dll
0x0000000056700000 - 0x000000005670f000 	C:\Program Files\Java\jdk1.8.0_20\jre\bin\verify.dll
0x00000000566d0000 - 0x00000000566f8000 	C:\Program Files\Java\jdk1.8.0_20\jre\bin\java.dll
0x00000000566b0000 - 0x00000000566c6000 	C:\Program Files\Java\jdk1.8.0_20\jre\bin\zip.dll
0x00000000564d0000 - 0x0000000056668000 	C:\Program Files\Java\jdk1.8.0_20\jre\bin\awt.dll
0x00007ffa1bce0000 - 0x00007ffa1bda1000 	C:\WINDOWS\system32\OLEAUT32.dll
0x00007ffa163f0000 - 0x00007ffa16411000 	C:\WINDOWS\system32\DWMAPI.DLL
0x00007ffa18580000 - 0x00007ffa186a9000 	C:\WINDOWS\system32\uxtheme.dll
0x00007ffa13360000 - 0x00007ffa1340b000 	C:\Program Files\Common Files\microsoft shared\ink\tiptsf.dll
0x00007ffa18700000 - 0x00007ffa1870b000 	C:\WINDOWS\SYSTEM32\kernel.appcore.dll
0x00007ffa19790000 - 0x00007ffa1979b000 	C:\WINDOWS\SYSTEM32\CRYPTBASE.dll
0x00007ffa19720000 - 0x00007ffa19783000 	C:\WINDOWS\SYSTEM32\bcryptPrimitives.dll
0x00007ffa09650000 - 0x00007ffa09871000 	C:\WINDOWS\system32\d3d9.dll
0x00007ffa12440000 - 0x00007ffa1244a000 	C:\WINDOWS\SYSTEM32\VERSION.dll
0x00007ff9e88e0000 - 0x00007ff9e9478000 	C:\WINDOWS\SYSTEM32\igdumdim64.dll
0x00007ffa16960000 - 0x00007ffa16da0000 	C:\WINDOWS\SYSTEM32\igdusc64.dll
0x0000000056480000 - 0x00000000564c7000 	C:\Program Files\Java\jdk1.8.0_20\jre\bin\fontmanager.dll
0x00007ffa1c360000 - 0x00007ffa1c416000 	C:\WINDOWS\SYSTEM32\clbcatq.dll
0x00007ffa17e40000 - 0x00007ffa17fee000 	C:\WINDOWS\SYSTEM32\WindowsCodecs.dll
0x00007ffa19190000 - 0x00007ffa191b0000 	C:\WINDOWS\SYSTEM32\CRYPTSP.dll
0x00007ffa18db0000 - 0x00007ffa18de6000 	C:\WINDOWS\system32\rsaenh.dll
0x00007ffa193e0000 - 0x00007ffa19406000 	C:\WINDOWS\SYSTEM32\bcrypt.dll
0x0000000056690000 - 0x00000000566aa000 	C:\Program Files\Java\jdk1.8.0_20\jre\bin\net.dll
0x00007ffa19130000 - 0x00007ffa19189000 	C:\WINDOWS\system32\mswsock.dll
0x0000000056670000 - 0x0000000056681000 	C:\Program Files\Java\jdk1.8.0_20\jre\bin\nio.dll
0x0000000056430000 - 0x0000000056471000 	C:\Program Files\Java\jdk1.8.0_20\jre\bin\t2k.dll
0x00007ffa14960000 - 0x00007ffa149ca000 	C:\WINDOWS\SYSTEM32\oleacc.dll
0x00007ffa0f1b0000 - 0x00007ffa0f339000 	C:\WINDOWS\SYSTEM32\dbghelp.dll

VM Arguments:
jvm_args: -Dfile.encoding=UTF-8 
java_command: mega.math.machine.MegaMathMachine
java_class_path (initial): C:\Beans - Jack\Mega Math Machine\build\classes
Launcher Type: SUN_STANDARD

Environment Variables:
PATH=C:\ProgramData\Oracle\Java\javapath;C:\Program Files (x86)\Intel\iCLS Client\;C:\Program Files\Intel\iCLS Client\;C:\WINDOWS\system32;C:\WINDOWS;C:\WINDOWS\System32\Wbem;C:\WINDOWS\System32\WindowsPowerShell\v1.0\;C:\Program Files (x86)\Windows Live\Shared;C:\Program Files\Intel\Intel(R) Management Engine Components\DAL;C:\Program Files\Intel\Intel(R) Management Engine Components\IPT;C:\Program Files (x86)\Intel\Intel(R) Management Engine Components\DAL;C:\Program Files (x86)\Intel\Intel(R) Management Engine Components\IPT;C:\Program Files (x86)\Intel\OpenCL SDK\2.0\bin\x86;C:\Program Files (x86)\Intel\OpenCL SDK\2.0\bin\x64;C:\Program Files\Microsoft\Web Platform Installer\;C:\Program Files (x86)\Microsoft ASP.NET\ASP.NET Web Pages\v1.0\;C:\Program Files (x86)\Windows Kits\8.0\Windows Performance Toolkit\;C:\Program Files\Microsoft SQL Server\110\Tools\Binn\;C:\Program Files (x86)\QuickTime\QTSystem\
USERNAME=Jack
OS=Windows_NT
PROCESSOR_IDENTIFIER=Intel64 Family 6 Model 58 Stepping 9, GenuineIntel



---------------  S Y S T E M  ---------------

OS: Windows 8.1 , 64 bit Build 9600 

CPU:total 2 (2 cores per cpu, 1 threads per core) family 6 model 58 stepping 9, cmov, cx8, fxsr, mmx, sse, sse2, sse3, ssse3, sse4.1, sse4.2, popcnt, clmul, erms, tsc, tscinvbit, tscinv

Memory: 4k page, physical 4077300k(991768k free), swap 4077300k(5136k free)

vm_info: Java HotSpot(TM) 64-Bit Server VM (25.20-b23) for windows-amd64 JRE (1.8.0_20-b26), built on Jul 30 2014 13:51:23 by "java_re" with MS VC++ 10.0 (VS2010)

time: Wed Jul 22 21:52:16 2015
elapsed time: 13 seconds (0d 0h 0m 13s)

